app/build/intermediates/manifest_merge_blame_file/debug/manifest-merger-blame-debug-report.txt
1<?xml version="1.0" encoding="utf-8"?>
2<manifest xmlns:android="http://schemas.android.com/apk/res/android"
3    package="com.example.shidaiyinuo.coolweather"
4    android:versionCode="1"
5    android:versionName="1.0" >
6
7    <uses-sdk
8        android:minSdkVersion="15"
8-->src\main\AndroidManifest.xml
9        android:targetSdkVersion="26" />
9-->src\main\AndroidManifest.xml
10
11    <uses-permission android:name="android.permission.INTERNET" />
11-->src\main\AndroidManifest.xml:5:5-67
11-->src\main\AndroidManifest.xml:5:22-64
12
13    <application
13-->src\main\AndroidManifest.xml:7:5-28:19
14        android:name="org.litepal.LitePalApplication"
14-->src\main\AndroidManifest.xml:8:9-54
15        android:allowBackup="true"
15-->src\main\AndroidManifest.xml:9:9-35
16        android:debuggable="true"
17        android:icon="@drawable/mydear"
17-->src\main\AndroidManifest.xml:10:9-40
18        android:label="@string/app_name"
18-->src\main\AndroidManifest.xml:11:9-41
19        android:roundIcon="@mipmap/ic_launcher_round"
19-->src\main\AndroidManifest.xml:12:9-54
20        android:supportsRtl="true"
20-->src\main\AndroidManifest.xml:13:9-35
21        android:testOnly="true"
22        android:theme="@style/AppTheme" >
22-->src\main\AndroidManifest.xml:14:9-40
23        <activity android:name="com.example.shidaiyinuo.coolweather.MainActivity" >
23-->src\main\AndroidManifest.xml:15:9-21:20
23-->src\main\AndroidManifest.xml:15:19-47
24            <intent-filter>
24-->src\main\AndroidManifest.xml:16:13-20:29
25                <action android:name="android.intent.action.MAIN" />
25-->src\main\AndroidManifest.xml:17:17-69
25-->src\main\AndroidManifest.xml:17:25-66
26
27                <category android:name="android.intent.category.LAUNCHER" />
27-->src\main\AndroidManifest.xml:19:17-77
27-->src\main\AndroidManifest.xml:19:27-74
28            </intent-filter>
29        </activity>
30        <activity android:name="com.example.shidaiyinuo.coolweather.ui.WeatherActivity" />
30-->src\main\AndroidManifest.xml:22:9-56
30-->src\main\AndroidManifest.xml:22:19-53
31
32        <service
32-->src\main\AndroidManifest.xml:24:9-27:47
33            android:name="com.example.shidaiyinuo.coolweather.service.AutoUpdateService"
33-->src\main\AndroidManifest.xml:25:13-54
34            android:enabled="true"
34-->src\main\AndroidManifest.xml:26:13-35
35            android:exported="true" />
35-->src\main\AndroidManifest.xml:27:13-36
36
37        <meta-data
37-->[com.android.support:appcompat-v7:26.1.0] AndroidManifest.xml:26:9-28:38
38            android:name="android.support.VERSION"
38-->[com.android.support:appcompat-v7:26.1.0] AndroidManifest.xml:27:13-51
39            android:value="26.1.0" />
39-->[com.android.support:appcompat-v7:26.1.0] AndroidManifest.xml:28:13-35
40        <meta-data
40-->[android.arch.lifecycle:runtime:1.0.0] AndroidManifest.xml:25:9-27:47
41            android:name="android.arch.lifecycle.VERSION"
41-->[android.arch.lifecycle:runtime:1.0.0] AndroidManifest.xml:26:13-58
42            android:value="27.0.0-SNAPSHOT" />
42-->[android.arch.lifecycle:runtime:1.0.0] AndroidManifest.xml:27:13-44
43    </application>
44
45</manifest>